time="2024-05-30T14:54:24+08:00" level=error msg="ä½ å¥½"
time="2024-05-30T14:54:24+08:00" level=warning msg="ä½ å¥½"
time="2024-05-30T14:54:24+08:00" level=info msg="ä½ å¥½"
time="2024-05-30T14:55:23+08:00" level=error msg="ä½ å¥½"
time="2024-05-30T14:55:23+08:00" level=warning msg="ä½ å¥½"
time="2024-05-30T14:55:23+08:00" level=info msg="ä½ å¥½"
time="2024-05-30T14:56:39+08:00" level=error msg="ä½ å¥½"
time="2024-05-30T14:56:39+08:00" level=warning msg="ä½ å¥½"
time="2024-05-30T14:56:39+08:00" level=info msg="ä½ å¥½"
time="2024-05-30T14:57:06+08:00" level=error msg="ä½ å¥½"
time="2024-05-30T14:57:06+08:00" level=warning msg="ä½ å¥½"
time="2024-05-30T14:57:06+08:00" level=info msg="ä½ å¥½"
time="2024-05-30T14:57:34+08:00" level=error msg="ä½ å¥½"
time="2024-05-30T14:57:34+08:00" level=warning msg="ä½ å¥½"
time="2024-05-30T14:57:34+08:00" level=info msg="ä½ å¥½"
time="2024-05-30T14:58:27+08:00" level=error msg="ä½ å¥½"
time="2024-05-30T14:58:27+08:00" level=warning msg="ä½ å¥½"
time="2024-05-30T14:58:27+08:00" level=info msg="ä½ å¥½"
[2024-05-30 15:40:52] [31m[error][0m 5.è‡ªå®šä¹‰æ ¼å¼.go:99 main.main ä½ å¥½
[2024-05-30 15:40:52] [33m[warning][0m 5.è‡ªå®šä¹‰æ ¼å¼.go:100 main.main ä½ å¥½
[2024-05-30 15:40:52] [36m[info][0m 5.è‡ªå®šä¹‰æ ¼å¼.go:101 main.main ä½ å¥½
[2024-05-30 15:40:52] [37m[debug][0m 5.è‡ªå®šä¹‰æ ¼å¼.go:102 main.main ä½ å¥½
 [2024-05-30 15:47:50] [31m[error][0m F:/ç³»ç»Ÿ/coding/gin_study/logrus_study/5.è‡ªå®šä¹‰æ ¼å¼.go:100 main.main ä½ å¥½
 [2024-05-30 15:47:50] [33m[warning][0m F:/ç³»ç»Ÿ/coding/gin_study/logrus_study/5.è‡ªå®šä¹‰æ ¼å¼.go:101 main.main ä½ å¥½
 [2024-05-30 15:47:50] [36m[info][0m F:/ç³»ç»Ÿ/coding/gin_study/logrus_study/5.è‡ªå®šä¹‰æ ¼å¼.go:102 main.main ä½ å¥½
 [2024-05-30 15:47:50] [37m[debug][0m F:/ç³»ç»Ÿ/coding/gin_study/logrus_study/5.è‡ªå®šä¹‰æ ¼å¼.go:103 main.main ä½ å¥½
[gin] [2024-05-30 15:49:05] [31m[error][0m F:/ç³»ç»Ÿ/coding/gin_study/logrus_study/5.è‡ªå®šä¹‰æ ¼å¼.go:100 main.main ä½ å¥½
[gin] [2024-05-30 15:49:05] [33m[warning][0m F:/ç³»ç»Ÿ/coding/gin_study/logrus_study/5.è‡ªå®šä¹‰æ ¼å¼.go:101 main.main ä½ å¥½
[gin] [2024-05-30 15:49:05] [36m[info][0m F:/ç³»ç»Ÿ/coding/gin_study/logrus_study/5.è‡ªå®šä¹‰æ ¼å¼.go:102 main.main ä½ å¥½
[gin] [2024-05-30 15:49:05] [37m[debug][0m F:/ç³»ç»Ÿ/coding/gin_study/logrus_study/5.è‡ªå®šä¹‰æ ¼å¼.go:103 main.main ä½ å¥½
[gin] [2024-05-30 15:50:02] [31m[error][0m F:/ç³»ç»Ÿ/coding/gin_study/logrus_study/5.è‡ªå®šä¹‰æ ¼å¼.go:101 main.main ä½ å¥½
[gin] [2024-05-30 15:50:02] [33m[warning][0m F:/ç³»ç»Ÿ/coding/gin_study/logrus_study/5.è‡ªå®šä¹‰æ ¼å¼.go:102 main.main ä½ å¥½
[gin] [2024-05-30 15:50:02] [36m[info][0m F:/ç³»ç»Ÿ/coding/gin_study/logrus_study/5.è‡ªå®šä¹‰æ ¼å¼.go:103 main.main ä½ å¥½
[gin] [2024-05-30 15:50:02] [37m[debug][0m F:/ç³»ç»Ÿ/coding/gin_study/logrus_study/5.è‡ªå®šä¹‰æ ¼å¼.go:104 main.main ä½ å¥½
[gin] [2024-05-30 15:50:02] [37m[trace][0m F:/ç³»ç»Ÿ/coding/gin_study/logrus_study/5.è‡ªå®šä¹‰æ ¼å¼.go:105 main.main ä½ å¥½
[gin] [2024-05-30 15:51:07] [31m[error][0m F:/ç³»ç»Ÿ/coding/gin_study/logrus_study/5.è‡ªå®šä¹‰æ ¼å¼.go:102 main.main ä½ å¥½
[gin] [2024-05-30 15:51:07] [33m[warning][0m F:/ç³»ç»Ÿ/coding/gin_study/logrus_study/5.è‡ªå®šä¹‰æ ¼å¼.go:103 main.main ä½ å¥½
[gin] [2024-05-30 15:51:07] [36m[info][0m F:/ç³»ç»Ÿ/coding/gin_study/logrus_study/5.è‡ªå®šä¹‰æ ¼å¼.go:104 main.main ä½ å¥½
[gin] [2024-05-30 15:51:07] [37m[debug][0m F:/ç³»ç»Ÿ/coding/gin_study/logrus_study/5.è‡ªå®šä¹‰æ ¼å¼.go:105 main.main ä½ å¥½
[gin] [2024-05-30 15:51:07] [37m[trace][0m F:/ç³»ç»Ÿ/coding/gin_study/logrus_study/5.è‡ªå®šä¹‰æ ¼å¼.go:106 main.main ä½ å¥½
